<?xml version="1.0" encoding="utf-8"?><testsuites name="pytest tests"><testsuite name="pytest" errors="0" failures="0" skipped="0" tests="17" time="40.067" timestamp="2025-08-29T14:54:00.305788-04:00" hostname="Aejazs-MacBook-Pro"><testcase classname="tests.unit.test_advanced_ranking.TestAdvancedScoreNormalizer" name="test_min_max_normalize" time="30.120" /><testcase classname="tests.unit.test_advanced_ranking.TestAdvancedScoreNormalizer" name="test_z_score_normalize" time="0.000" /><testcase classname="tests.unit.test_advanced_ranking.TestAdvancedScoreNormalizer" name="test_percentile_rank_scores" time="0.000" /><testcase classname="tests.unit.test_advanced_ranking.TestAdvancedScoreNormalizer" name="test_reciprocal_rank_fusion" time="0.000" /><testcase classname="tests.unit.test_advanced_ranking.TestAdvancedRankingService" name="test_cosine_only_strategy" time="4.658" /><testcase classname="tests.unit.test_advanced_ranking.TestAdvancedRankingService" name="test_adaptive_strategy_selection" time="0.803" /><testcase classname="tests.unit.test_advanced_ranking.TestAdvancedRankingService" name="test_variance_reduction" time="0.813" /><testcase classname="tests.unit.test_advanced_ranking.TestAdvancedRankingService" name="test_empty_results_handling" time="0.703" /><testcase classname="tests.unit.test_advanced_ranking.TestCrossEncoderService" name="test_batch_score_pairs" time="0.728" /><testcase classname="tests.unit.test_advanced_ranking.TestCrossEncoderService" name="test_rerank_results" time="0.662" /><testcase classname="tests.unit.test_advanced_ranking" name="test_integrated_ranking_pipeline" time="0.799" /><testcase classname="tests.unit.test_data_layer" name="test_data_layer_imports" time="0.000" /><testcase classname="tests.unit.test_data_layer" name="test_ai_services_imports" time="0.008" /><testcase classname="tests.unit.test_data_layer" name="test_app_services_imports" time="0.000" /><testcase classname="tests.unit.test_data_layer" name="test_core_imports" time="0.000" /><testcase classname="tests.unit.test_data_layer" name="test_async_imports" time="0.001" /><testcase classname="tests.unit.test_data_layer" name="test_no_old_imports" time="0.012" /></testsuite></testsuites>