<?xml version="1.0" encoding="utf-8"?><testsuites name="pytest tests"><testsuite name="pytest" errors="0" failures="0" skipped="0" tests="4" time="30.170" timestamp="2025-08-29T14:55:04.143357-04:00" hostname="Aejazs-MacBook-Pro"><testcase classname="tests.system.test_databases" name="test_postgresql" time="30.135" /><testcase classname="tests.system.test_databases" name="test_mongodb" time="0.001" /><testcase classname="tests.system.test_databases" name="test_redis" time="0.012" /><testcase classname="tests.system.test_databases" name="test_scylladb" time="0.003" /></testsuite></testsuites>