<?xml version="1.0" encoding="utf-8"?><testsuites name="pytest tests"><testsuite name="pytest" errors="1" failures="0" skipped="0" tests="1" time="0.903" timestamp="2025-08-29T14:49:42.412319-04:00" hostname="Aejazs-MacBook-Pro"><testcase classname="" name="tests.integration.test_security_improvements_e2e" time="0.000"><error message="collection failure">ImportError while importing test module '/Users/asqmac/git-repos/MultiDB-Chatbot/tests/integration/test_security_improvements_e2e.py'.
Hint: make sure your test modules/packages have valid Python names.
Traceback:
.venv/lib/python3.13/site-packages/_pytest/python.py:498: in importtestmodule
    mod = import_path(
.venv/lib/python3.13/site-packages/_pytest/pathlib.py:587: in import_path
    importlib.import_module(module_name)
/Library/Frameworks/Python.framework/Versions/3.13/lib/python3.13/importlib/__init__.py:88: in import_module
    return _bootstrap._gcd_import(name[level:], package, level)
           ^^^^^^^^^^^^^^^^^^^^^^^^^^^^^^^^^^^^^^^^^^^^^^^^^^^^
&lt;frozen importlib._bootstrap&gt;:1387: in _gcd_import
    ???
&lt;frozen importlib._bootstrap&gt;:1360: in _find_and_load
    ???
&lt;frozen importlib._bootstrap&gt;:1331: in _find_and_load_unlocked
    ???
&lt;frozen importlib._bootstrap&gt;:935: in _load_unlocked
    ???
.venv/lib/python3.13/site-packages/_pytest/assertion/rewrite.py:186: in exec_module
    exec(co, module.__dict__)
tests/integration/test_security_improvements_e2e.py:31: in &lt;module&gt;
    from services.content_safety_service.healthcare_encryption import HealthcareEncryptionService
E   ModuleNotFoundError: No module named 'services'</error></testcase></testsuite></testsuites>